2024-10-29 15:05:19,309 INFO o.a.j.u.JMeterUtils: Setting Locale to en_EN
2024-10-29 15:05:19,320 INFO o.a.j.JMeter: Loading user properties from: /opt/homebrew/Cellar/jmeter/5.6.3/libexec/bin/user.properties
2024-10-29 15:05:19,321 INFO o.a.j.JMeter: Loading system properties from: /opt/homebrew/Cellar/jmeter/5.6.3/libexec/bin/system.properties
2024-10-29 15:05:19,323 INFO o.a.j.JMeter: Copyright (c) 1998-2024 The Apache Software Foundation
2024-10-29 15:05:19,323 INFO o.a.j.JMeter: Version 5.6.3
2024-10-29 15:05:19,323 INFO o.a.j.JMeter: java.version=21.0.4
2024-10-29 15:05:19,323 INFO o.a.j.JMeter: java.vm.name=OpenJDK 64-Bit Server VM
2024-10-29 15:05:19,323 INFO o.a.j.JMeter: os.name=Mac OS X
2024-10-29 15:05:19,323 INFO o.a.j.JMeter: os.arch=aarch64
2024-10-29 15:05:19,323 INFO o.a.j.JMeter: os.version=14.4
2024-10-29 15:05:19,323 INFO o.a.j.JMeter: file.encoding=UTF-8
2024-10-29 15:05:19,323 INFO o.a.j.JMeter: java.awt.headless=true
2024-10-29 15:05:19,323 INFO o.a.j.JMeter: Max memory     =1073741824
2024-10-29 15:05:19,323 INFO o.a.j.JMeter: Available Processors =12
2024-10-29 15:05:19,328 INFO o.a.j.JMeter: Default Locale=English (EN)
2024-10-29 15:05:19,328 INFO o.a.j.JMeter: JMeter  Locale=English (EN)
2024-10-29 15:05:19,328 INFO o.a.j.JMeter: JMeterHome=/opt/homebrew/Cellar/jmeter/5.6.3/libexec
2024-10-29 15:05:19,328 INFO o.a.j.JMeter: user.dir  =/Users/ajaysingh/ws/master-python/programing_interview/go/go-fake/tag_creation_json_files
2024-10-29 15:05:19,328 INFO o.a.j.JMeter: PWD       =/Users/ajaysingh/ws/master-python/programing_interview/go/go-fake/tag_creation_json_files
2024-10-29 15:05:19,331 INFO o.a.j.JMeter: IP: 134.141.64.55 Name: EXT-H2MXXYWCK7 FullName: 134.141.64.55
2024-10-29 15:05:19,338 INFO o.a.j.JMeter: Setting property 'jmeter.reportgenerator.outputdir' to:'/Users/ajaysingh/ws/master-python/programing_interview/go/go-fake/tag_creation_json_files/report1'
2024-10-29 15:05:19,340 INFO o.a.j.r.d.ReportGenerator: ReportGenerator will use for Parsing the separator: ','
2024-10-29 15:05:19,340 INFO o.a.j.r.d.ReportGenerator: Will only generate report from results file: reports/result.csv
2024-10-29 15:05:19,340 INFO o.a.j.r.d.ReportGenerator: Reading report generator properties from: /opt/homebrew/Cellar/jmeter/5.6.3/libexec/bin/reportgenerator.properties
2024-10-29 15:05:19,351 INFO o.a.j.r.d.ReportGenerator: Merging with JMeter properties
2024-10-29 15:05:19,352 INFO o.a.j.r.c.ReportGeneratorConfiguration: Property 'jmeter.reportgenerator.temp_dir' not found, using default value 'temp' instead.
2024-10-29 15:05:19,353 INFO o.a.j.r.c.ReportGeneratorConfiguration: Property 'jmeter.reportgenerator.apdex_per_transaction' not found, using default value 'null' instead.
2024-10-29 15:05:19,359 INFO o.a.j.r.c.ReportGeneratorConfiguration: apdex_per_transaction is empty, not APDEX per transaction customization
2024-10-29 15:05:19,359 INFO o.a.j.r.c.ReportGeneratorConfiguration: Property 'jmeter.reportgenerator.sample_filter' not found, using default value 'null' instead.
2024-10-29 15:05:19,359 INFO o.a.j.r.c.ReportGeneratorConfiguration: Property 'jmeter.reportgenerator.report_title' not found, using default value 'null' instead.
2024-10-29 15:05:19,359 INFO o.a.j.r.c.ReportGeneratorConfiguration: Property 'jmeter.reportgenerator.start_date' not found, using default value 'null' instead.
2024-10-29 15:05:19,359 INFO o.a.j.r.c.ReportGeneratorConfiguration: Property 'jmeter.reportgenerator.end_date' not found, using default value 'null' instead.
2024-10-29 15:05:19,359 INFO o.a.j.r.c.ReportGeneratorConfiguration: Property 'jmeter.reportgenerator.date_format' not found, using default value 'null' instead.
2024-10-29 15:05:19,360 INFO o.a.j.r.c.ReportGeneratorConfiguration: Will use date range start date: null, end date: null
2024-10-29 15:05:19,361 INFO o.a.j.r.c.ReportGeneratorConfiguration: Property 'jmeter.reportgenerator.graph.totalTPS.exclude_controllers' not found, using default value 'false' instead.
2024-10-29 15:05:19,361 INFO o.a.j.r.c.ReportGeneratorConfiguration: Property 'jmeter.reportgenerator.graph.activeThreadsOverTime.exclude_controllers' not found, using default value 'false' instead.
2024-10-29 15:05:19,361 INFO o.a.j.r.c.ReportGeneratorConfiguration: Property 'jmeter.reportgenerator.graph.timeVsThreads.exclude_controllers' not found, using default value 'false' instead.
2024-10-29 15:05:19,361 INFO o.a.j.r.c.ReportGeneratorConfiguration: Property 'jmeter.reportgenerator.graph.responseTimeDistribution.exclude_controllers' not found, using default value 'false' instead.
2024-10-29 15:05:19,361 INFO o.a.j.r.c.ReportGeneratorConfiguration: Property 'jmeter.reportgenerator.graph.transactionsPerSecond.exclude_controllers' not found, using default value 'false' instead.
2024-10-29 15:05:19,361 INFO o.a.j.r.c.ReportGeneratorConfiguration: Property 'jmeter.reportgenerator.graph.responseTimePercentiles.exclude_controllers' not found, using default value 'false' instead.
2024-10-29 15:05:19,361 INFO o.a.j.r.c.ReportGeneratorConfiguration: Property 'jmeter.reportgenerator.graph.responseTimePercentilesOverTime.exclude_controllers' not found, using default value 'false' instead.
2024-10-29 15:05:19,362 INFO o.a.j.r.c.ReportGeneratorConfiguration: Property 'jmeter.reportgenerator.graph.responseTimesOverTime.exclude_controllers' not found, using default value 'false' instead.
2024-10-29 15:05:19,362 INFO o.a.j.r.c.ReportGeneratorConfiguration: Property 'jmeter.reportgenerator.graph.connectTimeOverTime.exclude_controllers' not found, using default value 'false' instead.
2024-10-29 15:05:19,362 INFO o.a.j.r.c.ReportGeneratorConfiguration: Property 'jmeter.reportgenerator.graph.latenciesOverTime.exclude_controllers' not found, using default value 'false' instead.
2024-10-29 15:05:19,362 INFO o.a.j.r.c.ReportGeneratorConfiguration: Property 'jmeter.reportgenerator.exporter.json.filters_only_sample_series' not found, using default value 'true' instead.
2024-10-29 15:05:19,362 INFO o.a.j.r.c.ReportGeneratorConfiguration: Property 'jmeter.reportgenerator.exporter.json.series_filter' not found, using default value '' instead.
2024-10-29 15:05:19,362 INFO o.a.j.r.c.ReportGeneratorConfiguration: Property 'jmeter.reportgenerator.exporter.json.show_controllers_only' not found, using default value 'false' instead.
2024-10-29 15:05:19,362 INFO o.a.j.r.c.ReportGeneratorConfiguration: Property 'jmeter.reportgenerator.exporter.html.filters_only_sample_series' not found, using default value 'true' instead.
2024-10-29 15:05:19,362 INFO o.a.j.r.c.ReportGeneratorConfiguration: Property 'jmeter.reportgenerator.exporter.html.series_filter' not found, using default value '' instead.
2024-10-29 15:05:19,362 INFO o.a.j.r.c.ReportGeneratorConfiguration: Property 'jmeter.reportgenerator.exporter.html.show_controllers_only' not found, using default value 'false' instead.
2024-10-29 15:05:19,442 INFO o.a.j.s.SaveService: Testplan (JMX) version: 2.2. Testlog (JTL) version: 2.2
2024-10-29 15:05:19,476 INFO o.a.j.s.SaveService: Using SaveService properties version 5.0
2024-10-29 15:05:19,477 INFO o.a.j.s.SaveService: Using SaveService properties file encoding UTF-8
2024-10-29 15:05:19,507 INFO o.a.j.r.p.NormalizerSampleConsumer: Using format, 'ms', to parse timeStamp field
2024-10-29 15:05:19,552 INFO o.a.j.r.p.AbstractSampleConsumer: class org.apache.jmeter.report.processor.AggregateConsumer#stopProducing(): beginDate produced 0 samples
2024-10-29 15:05:19,552 INFO o.a.j.r.p.AbstractSampleConsumer: class org.apache.jmeter.report.processor.AggregateConsumer#stopProducing(): endDate produced 0 samples
2024-10-29 15:05:19,553 INFO o.a.j.r.p.AbstractSampleConsumer: class org.apache.jmeter.report.processor.ApdexSummaryConsumer#stopProducing(): apdexSummary produced 0 samples
2024-10-29 15:05:19,553 INFO o.a.j.r.p.AbstractSampleConsumer: class org.apache.jmeter.report.processor.RequestsSummaryConsumer#stopProducing(): requestsSummary produced 0 samples
2024-10-29 15:05:19,554 INFO o.a.j.r.p.AbstractSampleConsumer: class org.apache.jmeter.report.processor.StatisticsSummaryConsumer#stopProducing(): statisticsSummary produced 0 samples
2024-10-29 15:05:19,555 INFO o.a.j.r.p.AbstractSampleConsumer: class org.apache.jmeter.report.processor.Top5ErrorsBySamplerConsumer#stopProducing(): top5ErrorsBySampler produced 0 samples
2024-10-29 15:05:19,555 INFO o.a.j.r.p.AbstractSampleConsumer: class org.apache.jmeter.report.processor.ErrorsSummaryConsumer#stopProducing(): errorsSummary produced 0 samples
2024-10-29 15:05:19,555 INFO o.a.j.r.p.AbstractSampleConsumer: class org.apache.jmeter.report.processor.graph.impl.HitsPerSecondGraphConsumer#stopProducing(): hitsPerSecond produced 0 samples
2024-10-29 15:05:19,582 INFO o.a.j.r.p.AbstractSampleConsumer: class org.apache.jmeter.report.processor.graph.impl.LatencyVSRequestGraphConsumer#stopProducing(): latencyVsRequest produced 0 samples
2024-10-29 15:05:19,582 INFO o.a.j.r.p.AbstractSampleConsumer: class org.apache.jmeter.report.processor.graph.impl.SyntheticResponseTimeDistributionGraphConsumer#stopProducing(): syntheticResponseTimeDistribution produced 0 samples
2024-10-29 15:05:19,582 INFO o.a.j.r.p.AbstractSampleConsumer: class org.apache.jmeter.report.processor.graph.impl.BytesThroughputGraphConsumer#stopProducing(): bytesThroughputOverTime produced 0 samples
2024-10-29 15:05:19,582 INFO o.a.j.r.p.AbstractSampleConsumer: class org.apache.jmeter.report.processor.graph.impl.CodesPerSecondGraphConsumer#stopProducing(): codesPerSecond produced 0 samples
2024-10-29 15:05:19,594 INFO o.a.j.r.p.AbstractSampleConsumer: class org.apache.jmeter.report.processor.graph.impl.ResponseTimeVSRequestGraphConsumer#stopProducing(): responseTimeVsRequest produced 0 samples
2024-10-29 15:05:19,594 INFO o.a.j.r.p.AbstractSampleConsumer: class org.apache.jmeter.report.processor.FilterConsumer#stopProducing(): startIntervalControlerFilter produced 3500 samples
2024-10-29 15:05:19,594 INFO o.a.j.r.p.AbstractSampleConsumer: class org.apache.jmeter.report.processor.graph.impl.TotalTPSGraphConsumer#stopProducing(): totalTPS produced 0 samples
2024-10-29 15:05:19,594 INFO o.a.j.r.p.AbstractSampleConsumer: class org.apache.jmeter.report.processor.graph.impl.ActiveThreadsGraphConsumer#stopProducing(): activeThreadsOverTime produced 0 samples
2024-10-29 15:05:19,594 INFO o.a.j.r.p.AbstractSampleConsumer: class org.apache.jmeter.report.processor.graph.impl.TimeVSThreadGraphConsumer#stopProducing(): timeVsThreads produced 0 samples
2024-10-29 15:05:19,594 INFO o.a.j.r.p.AbstractSampleConsumer: class org.apache.jmeter.report.processor.graph.impl.ResponseTimeDistributionGraphConsumer#stopProducing(): responseTimeDistribution produced 0 samples
2024-10-29 15:05:19,594 INFO o.a.j.r.p.AbstractSampleConsumer: class org.apache.jmeter.report.processor.graph.impl.TransactionsPerSecondGraphConsumer#stopProducing(): transactionsPerSecond produced 0 samples
2024-10-29 15:05:19,594 INFO o.a.j.r.p.AbstractSampleConsumer: class org.apache.jmeter.report.processor.graph.impl.ResponseTimePercentilesGraphConsumer#stopProducing(): responseTimePercentiles produced 0 samples
2024-10-29 15:05:19,595 INFO o.a.j.r.p.AbstractSampleConsumer: class org.apache.jmeter.report.processor.graph.impl.ResponseTimePercentilesOverTimeGraphConsumer#stopProducing(): responseTimePercentilesOverTime produced 0 samples
2024-10-29 15:05:19,595 INFO o.a.j.r.p.AbstractSampleConsumer: class org.apache.jmeter.report.processor.graph.impl.ResponseTimeOverTimeGraphConsumer#stopProducing(): responseTimesOverTime produced 0 samples
2024-10-29 15:05:19,595 INFO o.a.j.r.p.AbstractSampleConsumer: class org.apache.jmeter.report.processor.graph.impl.ConnectTimeOverTimeGraphConsumer#stopProducing(): connectTimeOverTime produced 0 samples
2024-10-29 15:05:19,595 INFO o.a.j.r.p.AbstractSampleConsumer: class org.apache.jmeter.report.processor.graph.impl.LatencyOverTimeGraphConsumer#stopProducing(): latenciesOverTime produced 0 samples
2024-10-29 15:05:19,595 INFO o.a.j.r.p.AbstractSampleConsumer: class org.apache.jmeter.report.processor.FilterConsumer#stopProducing(): nameFilter produced 7500 samples
2024-10-29 15:05:19,595 INFO o.a.j.r.p.AbstractSampleConsumer: class org.apache.jmeter.report.processor.FilterConsumer#stopProducing(): dateRangeFilter produced 1500 samples
2024-10-29 15:05:19,595 INFO o.a.j.r.p.AbstractSampleConsumer: class org.apache.jmeter.report.processor.NormalizerSampleConsumer#stopProducing(): normalizer produced 500 samples
2024-10-29 15:05:19,595 INFO o.a.j.r.p.CsvFileSampleSource: produce(): 500 samples produced in 79ms on channel 0
2024-10-29 15:05:19,595 INFO o.a.j.r.d.ReportGenerator: Exporting data using exporter:'json' of className:'org.apache.jmeter.report.dashboard.JsonExporter'
2024-10-29 15:05:19,622 INFO o.a.j.r.d.JsonExporter: Found data for consumer statisticsSummary in context
2024-10-29 15:05:19,622 INFO o.a.j.r.d.JsonExporter: Creating statistics for overall
2024-10-29 15:05:19,623 INFO o.a.j.r.d.JsonExporter: Creating statistics for other transactions
2024-10-29 15:05:19,623 INFO o.a.j.r.d.JsonExporter: Checking output folder
2024-10-29 15:05:19,623 INFO o.a.j.r.d.JsonExporter: Writing statistics JSON to /Users/ajaysingh/ws/master-python/programing_interview/go/go-fake/tag_creation_json_files/report1/statistics.json
2024-10-29 15:05:19,638 INFO o.a.j.r.d.ReportGenerator: Exporting data using exporter:'html' of className:'org.apache.jmeter.report.dashboard.HtmlTemplateExporter'
2024-10-29 15:05:19,639 INFO o.a.j.r.d.HtmlTemplateExporter: Will generate dashboard in folder: /Users/ajaysingh/ws/master-python/programing_interview/go/go-fake/tag_creation_json_files/report1
2024-10-29 15:05:19,688 INFO o.a.j.r.d.HtmlTemplateExporter: Report will be generated in: /Users/ajaysingh/ws/master-python/programing_interview/go/go-fake/tag_creation_json_files/report1, creating folder structure
2024-10-29 15:05:19,690 INFO o.a.j.r.d.TemplateVisitor: Copying folder from '/opt/homebrew/Cellar/jmeter/5.6.3/libexec/bin/report-template' to '/Users/ajaysingh/ws/master-python/programing_interview/go/go-fake/tag_creation_json_files/report1', got message: /Users/ajaysingh/ws/master-python/programing_interview/go/go-fake/tag_creation_json_files/report1, found non empty folder with following content [/Users/ajaysingh/ws/master-python/programing_interview/go/go-fake/tag_creation_json_files/report1/statistics.json], will be ignored
